Tables created successfully.
Fetching data for TSLA...
Error inserting data for TSLA: 'Date'
Fetching data for RIVN...
Error inserting data for RIVN: 'Date'
Fetching data for LCID...
Error inserting data for LCID: 'Date'
Fetching data for F...
Error inserting data for F: 'Date'
Fetching data for STLA...
Error inserting data for STLA: 'Date'
Tables created successfully.
Fetching data for TSLA...
Error inserting data for TSLA: 'Date'
Fetching data for RIVN...
Error inserting data for RIVN: 'Date'
Fetching data for LCID...
Error inserting data for LCID: 'Date'
Fetching data for F...
Error inserting data for F: 'Date'
Fetching data for STLA...
Error inserting data for STLA: 'Date'
Tables created successfully.
Fetching data for TSLA...
Error inserting data for TSLA: 'Date'
Fetching data for RIVN...
Error inserting data for RIVN: 'Date'
Fetching data for LCID...
Error inserting data for LCID: 'Date'
Fetching data for F...
Error inserting data for F: 'Date'
Fetching data for STLA...
Error inserting data for STLA: 'Date'
Tables created successfully.
Fetching data for AAPL...
Error inserting data for AAPL: 'Date'
Fetching data for GOOGL...
Error inserting data for GOOGL: 'Date'
Tables created successfully.
Fetching data for RIVN...
Data for RIVN inserted successfully.
Fetching data for TSLA...
Data for TSLA inserted successfully.
Fetching data for LCID...
Data for LCID inserted successfully.
Fetching data for F...
Data for F inserted successfully.
Fetching data for STLA...
Data for STLA inserted successfully.
Fetching data for GM...
Data for GM inserted successfully.
Tables created successfully.
Fetching data for RIVN...
Data for RIVN inserted successfully.
Fetching data for TSLA...
Data for TSLA inserted successfully.
Fetching data for LCID...
Data for LCID inserted successfully.
Fetching data for F...
Data for F inserted successfully.
Fetching data for STLA...
Data for STLA inserted successfully.
Fetching data for GM...
Data for GM inserted successfully.
Tables created successfully.
Fetching data for RIVN...
Data for RIVN inserted successfully.
Fetching data for TSLA...
Data for TSLA inserted successfully.
Fetching data for LCID...
Data for LCID inserted successfully.
Fetching data for F...
Data for F inserted successfully.
Fetching data for STLA...
Data for STLA inserted successfully.
Fetching data for GM...
Data for GM inserted successfully.
Tables created successfully.
Fetching data for RIVN...
Data for RIVN inserted successfully.
Fetching data for TSLA...
Data for TSLA inserted successfully.
Fetching data for LCID...
Data for LCID inserted successfully.
Fetching data for F...
Data for F inserted successfully.
Fetching data for STLA...
Data for STLA inserted successfully.
Fetching data for GM...
Data for GM inserted successfully.
Tables created successfully.
Fetching data for RIVN...
Data for RIVN inserted successfully.
Fetching data for TSLA...
Data for TSLA inserted successfully.
Fetching data for LCID...
Data for LCID inserted successfully.
Fetching data for F...
Data for F inserted successfully.
Fetching data for STLA...
Data for STLA inserted successfully.
Fetching data for GM...
Data for GM inserted successfully.
Tables created successfully.
Fetching data for RIVN...
Data for RIVN inserted successfully.
Fetching data for TSLA...
Data for TSLA inserted successfully.
Fetching data for LCID...
Data for LCID inserted successfully.
Fetching data for F...
Data for F inserted successfully.
Fetching data for STLA...
Data for STLA inserted successfully.
Fetching data for GM...
Data for GM inserted successfully.
Tables created successfully.
Fetching data for RIVN...
Data for RIVN inserted successfully.
Fetching data for TSLA...
Data for TSLA inserted successfully.
Fetching data for LCID...
Data for LCID inserted successfully.
Fetching data for F...
Data for F inserted successfully.
Fetching data for STLA...
Data for STLA inserted successfully.
Fetching data for GM...
Data for GM inserted successfully.
Tables created successfully.
Fetching data for RIVN...
Data for RIVN inserted successfully.
Fetching data for TSLA...
Data for TSLA inserted successfully.
Fetching data for LCID...
Data for LCID inserted successfully.
Fetching data for F...
Data for F inserted successfully.
Fetching data for STLA...
Data for STLA inserted successfully.
Fetching data for GM...
Data for GM inserted successfully.
Tables created successfully.
Fetching data for RIVN...
Data for RIVN inserted successfully.
Fetching data for TSLA...
Data for TSLA inserted successfully.
Fetching data for LCID...
Data for LCID inserted successfully.
Fetching data for F...
Data for F inserted successfully.
Fetching data for STLA...
Data for STLA inserted successfully.
Fetching data for GM...
Data for GM inserted successfully.
Tables created successfully.
Fetching data for RIVN...
Data for RIVN inserted successfully.
Fetching data for TSLA...
Data for TSLA inserted successfully.
Fetching data for LCID...
Data for LCID inserted successfully.
Fetching data for F...
Data for F inserted successfully.
Fetching data for STLA...
Data for STLA inserted successfully.
Fetching data for GM...
Data for GM inserted successfully.
Tables created successfully.
Fetching data for RIVN...
Data for RIVN inserted successfully.
Fetching data for TSLA...
Data for TSLA inserted successfully.
Fetching data for LCID...
Data for LCID inserted successfully.
Fetching data for F...
Data for F inserted successfully.
Fetching data for STLA...
Data for STLA inserted successfully.
Fetching data for GM...
Data for GM inserted successfully.
Tables created successfully.
Fetching data for RIVN...
Data for RIVN inserted successfully.
Fetching data for TSLA...
Data for TSLA inserted successfully.
Fetching data for LCID...
Data for LCID inserted successfully.
Fetching data for F...
Data for F inserted successfully.
Fetching data for STLA...
Data for STLA inserted successfully.
Fetching data for GM...
Data for GM inserted successfully.
Tables created successfully.
Fetching data for RIVN...
Data for RIVN inserted successfully.
Fetching data for TSLA...
Data for TSLA inserted successfully.
Fetching data for LCID...
Data for LCID inserted successfully.
Fetching data for F...
Data for F inserted successfully.
Fetching data for STLA...
Data for STLA inserted successfully.
Fetching data for GM...
Data for GM inserted successfully.
Tables created successfully.
Fetching data for RIVN...
Data for RIVN inserted successfully.
Fetching data for TSLA...
Data for TSLA inserted successfully.
Fetching data for LCID...
Data for LCID inserted successfully.
Fetching data for F...
Data for F inserted successfully.
Fetching data for STLA...
Data for STLA inserted successfully.
Fetching data for GM...
Data for GM inserted successfully.
Tables created successfully.
Fetching data for RIVN...
Data for RIVN inserted successfully.
Fetching data for TSLA...
Data for TSLA inserted successfully.
Fetching data for LCID...
Data for LCID inserted successfully.
Fetching data for F...
Data for F inserted successfully.
Fetching data for STLA...
Data for STLA inserted successfully.
Fetching data for GM...
Data for GM inserted successfully.
Tables created successfully.
Fetching data for RIVN...
Data for RIVN inserted successfully.
Fetching data for TSLA...
Data for TSLA inserted successfully.
Fetching data for LCID...
Data for LCID inserted successfully.
Fetching data for F...
Data for F inserted successfully.
Fetching data for STLA...
Data for STLA inserted successfully.
Fetching data for GM...
Data for GM inserted successfully.
Tables created successfully.
Fetching data for RIVN...
Data for RIVN inserted successfully.
Fetching data for TSLA...
Data for TSLA inserted successfully.
Fetching data for LCID...
Data for LCID inserted successfully.
Fetching data for F...
Data for F inserted successfully.
Fetching data for STLA...
Data for STLA inserted successfully.
Fetching data for GM...
Data for GM inserted successfully.
Tables created successfully.
Fetching data for RIVN...
Data for RIVN inserted successfully.
Fetching data for TSLA...
Data for TSLA inserted successfully.
Fetching data for LCID...
Data for LCID inserted successfully.
Fetching data for F...
Data for F inserted successfully.
Fetching data for STLA...
Data for STLA inserted successfully.
Fetching data for GM...
Data for GM inserted successfully.
Tables created successfully.
Fetching data for RIVN...
Data for RIVN inserted successfully.
Fetching data for TSLA...
Data for TSLA inserted successfully.
Fetching data for LCID...
Data for LCID inserted successfully.
Fetching data for F...
Data for F inserted successfully.
Fetching data for STLA...
Data for STLA inserted successfully.
Fetching data for GM...
Data for GM inserted successfully.
Tables created successfully.
Fetching data for RIVN...
Data for RIVN inserted successfully.
Fetching data for TSLA...
Data for TSLA inserted successfully.
Fetching data for LCID...
Data for LCID inserted successfully.
Fetching data for F...
Data for F inserted successfully.
Fetching data for STLA...
Data for STLA inserted successfully.
Fetching data for GM...
Data for GM inserted successfully.
Tables created successfully.
Fetching data for RIVN...
Data for RIVN inserted successfully.
Fetching data for TSLA...
Data for TSLA inserted successfully.
Fetching data for LCID...
Data for LCID inserted successfully.
Fetching data for F...
Data for F inserted successfully.
Fetching data for STLA...
Data for STLA inserted successfully.
Fetching data for GM...
Data for GM inserted successfully.
Tables created successfully.
Fetching data for RIVN...
Data for RIVN inserted successfully.
Fetching data for TSLA...
Data for TSLA inserted successfully.
Fetching data for LCID...
Data for LCID inserted successfully.
Fetching data for F...
Data for F inserted successfully.
Fetching data for STLA...
Data for STLA inserted successfully.
Fetching data for GM...
Data for GM inserted successfully.
Tables created successfully.
Fetching data for RIVN...
Data for RIVN inserted successfully.
Fetching data for TSLA...
Data for TSLA inserted successfully.
Fetching data for LCID...
Data for LCID inserted successfully.
Fetching data for F...
Data for F inserted successfully.
Fetching data for STLA...
Data for STLA inserted successfully.
Fetching data for GM...
Data for GM inserted successfully.
