Tables created successfully.
Fetching data for RIVN...
Data for RIVN inserted successfully.
Fetching data for TSLA...
Data for TSLA inserted successfully.
Fetching data for LCID...
Data for LCID inserted successfully.
Fetching data for F...
Data for F inserted successfully.
Fetching data for STLA...
Data for STLA inserted successfully.
Fetching data for GM...
Data for GM inserted successfully.
Tables created successfully.
Fetching data for RIVN...
Data for RIVN inserted successfully.
Fetching data for TSLA...
Data for TSLA inserted successfully.
Fetching data for LCID...
Data for LCID inserted successfully.
Fetching data for F...
Data for F inserted successfully.
Fetching data for STLA...
Data for STLA inserted successfully.
Fetching data for GM...
Data for GM inserted successfully.
Tables created successfully.
Fetching data for RIVN...
Data for RIVN inserted successfully.
Fetching data for TSLA...
Data for TSLA inserted successfully.
Fetching data for LCID...
Data for LCID inserted successfully.
Fetching data for F...
Data for F inserted successfully.
Fetching data for STLA...
Data for STLA inserted successfully.
Fetching data for GM...
Data for GM inserted successfully.
Tables created successfully.
Fetching data for RIVN...
Data for RIVN inserted successfully.
Fetching data for TSLA...
Data for TSLA inserted successfully.
Fetching data for LCID...
Data for LCID inserted successfully.
Fetching data for F...
Data for F inserted successfully.
Fetching data for STLA...
Data for STLA inserted successfully.
Fetching data for GM...
Data for GM inserted successfully.
Tables created successfully.
Fetching data for RIVN...
Data for RIVN inserted successfully.
Fetching data for TSLA...
Data for TSLA inserted successfully.
Fetching data for LCID...
Data for LCID inserted successfully.
Fetching data for F...
Data for F inserted successfully.
Fetching data for STLA...
Data for STLA inserted successfully.
Fetching data for GM...
Data for GM inserted successfully.
Tables created successfully.
Fetching data for RIVN...
Data for RIVN inserted successfully.
Fetching data for TSLA...
Data for TSLA inserted successfully.
Fetching data for LCID...
Data for LCID inserted successfully.
Fetching data for F...
Data for F inserted successfully.
Fetching data for STLA...
Data for STLA inserted successfully.
Fetching data for GM...
Data for GM inserted successfully.
Tables created successfully.
Fetching data for RIVN...
Data for RIVN inserted successfully.
Fetching data for TSLA...
Data for TSLA inserted successfully.
Fetching data for LCID...
Data for LCID inserted successfully.
Fetching data for F...
Data for F inserted successfully.
Fetching data for STLA...
Data for STLA inserted successfully.
Fetching data for GM...
Data for GM inserted successfully.
Tables created successfully.
Fetching data for RIVN...
Data for RIVN inserted successfully.
Fetching data for TSLA...
Data for TSLA inserted successfully.
Fetching data for LCID...
Data for LCID inserted successfully.
Fetching data for F...
Data for F inserted successfully.
Fetching data for STLA...
Data for STLA inserted successfully.
Fetching data for GM...
Data for GM inserted successfully.
Tables created successfully.
Fetching data for RIVN...
Data for RIVN inserted successfully.
Fetching data for TSLA...
Data for TSLA inserted successfully.
Fetching data for LCID...
Data for LCID inserted successfully.
Fetching data for F...
Data for F inserted successfully.
Fetching data for STLA...
Data for STLA inserted successfully.
Fetching data for GM...
Data for GM inserted successfully.
Tables created successfully.
Fetching data for RIVN...
Data for RIVN inserted successfully.
Fetching data for TSLA...
Data for TSLA inserted successfully.
Fetching data for LCID...
Data for LCID inserted successfully.
Fetching data for F...
Data for F inserted successfully.
Fetching data for STLA...
Data for STLA inserted successfully.
Fetching data for GM...
Data for GM inserted successfully.
Tables created successfully.
Fetching data for RIVN...
Data for RIVN inserted successfully.
Fetching data for TSLA...
Data for TSLA inserted successfully.
Fetching data for LCID...
Data for LCID inserted successfully.
Fetching data for F...
Data for F inserted successfully.
Fetching data for STLA...
Data for STLA inserted successfully.
Fetching data for GM...
Data for GM inserted successfully.
Tables created successfully.
Fetching data for RIVN...
Data for RIVN inserted successfully.
Fetching data for TSLA...
Data for TSLA inserted successfully.
Fetching data for LCID...
Data for LCID inserted successfully.
Fetching data for F...
Data for F inserted successfully.
Fetching data for STLA...
Data for STLA inserted successfully.
Fetching data for GM...
Data for GM inserted successfully.
Tables created successfully.
Fetching data for RIVN...
Data for RIVN inserted successfully.
Fetching data for TSLA...
Data for TSLA inserted successfully.
Fetching data for LCID...
Data for LCID inserted successfully.
Fetching data for F...
Data for F inserted successfully.
Fetching data for STLA...
Data for STLA inserted successfully.
Fetching data for GM...
Data for GM inserted successfully.
Tables created successfully.
Fetching data for RIVN...
Data for RIVN inserted successfully.
Fetching data for TSLA...
Data for TSLA inserted successfully.
Fetching data for LCID...
Data for LCID inserted successfully.
Fetching data for F...
Data for F inserted successfully.
Fetching data for STLA...
Data for STLA inserted successfully.
Fetching data for GM...
Data for GM inserted successfully.
Tables created successfully.
Fetching data for RIVN...
Data for RIVN inserted successfully.
Fetching data for TSLA...
Data for TSLA inserted successfully.
Fetching data for LCID...
Data for LCID inserted successfully.
Fetching data for F...
Data for F inserted successfully.
Fetching data for STLA...
Data for STLA inserted successfully.
Fetching data for GM...
Data for GM inserted successfully.
Tables created successfully.
Fetching data for RIVN...
Data for RIVN inserted successfully.
Fetching data for TSLA...
Data for TSLA inserted successfully.
Fetching data for LCID...
Data for LCID inserted successfully.
Fetching data for F...
Data for F inserted successfully.
Fetching data for STLA...
Data for STLA inserted successfully.
Fetching data for GM...
Data for GM inserted successfully.
Tables created successfully.
Fetching data for RIVN...
Data for RIVN inserted successfully.
Fetching data for TSLA...
Data for TSLA inserted successfully.
Fetching data for LCID...
Data for LCID inserted successfully.
Fetching data for F...
Data for F inserted successfully.
Fetching data for STLA...
Data for STLA inserted successfully.
Fetching data for GM...
Data for GM inserted successfully.
Tables created successfully.
Fetching data for RIVN...
Data for RIVN inserted successfully.
Fetching data for TSLA...
Data for TSLA inserted successfully.
Fetching data for LCID...
Data for LCID inserted successfully.
Fetching data for F...
Data for F inserted successfully.
Fetching data for STLA...
Data for STLA inserted successfully.
Fetching data for GM...
Data for GM inserted successfully.
Tables created successfully.
Fetching data for RIVN...
Data for RIVN inserted successfully.
Fetching data for TSLA...
Data for TSLA inserted successfully.
Fetching data for LCID...
Data for LCID inserted successfully.
Fetching data for F...
Data for F inserted successfully.
Fetching data for STLA...
Data for STLA inserted successfully.
Fetching data for GM...
Data for GM inserted successfully.
Tables created successfully.
Fetching data for RIVN...
Data for RIVN inserted successfully.
Fetching data for TSLA...
Data for TSLA inserted successfully.
Fetching data for LCID...
Data for LCID inserted successfully.
Fetching data for F...
Data for F inserted successfully.
Fetching data for STLA...
Data for STLA inserted successfully.
Fetching data for GM...
Data for GM inserted successfully.
Tables created successfully.
Fetching data for RIVN...
Data for RIVN inserted successfully.
Fetching data for TSLA...
Data for TSLA inserted successfully.
Fetching data for LCID...
Data for LCID inserted successfully.
Fetching data for F...
Data for F inserted successfully.
Fetching data for STLA...
Data for STLA inserted successfully.
Fetching data for GM...
Data for GM inserted successfully.
Tables created successfully.
Fetching data for RIVN...
Data for RIVN inserted successfully.
Fetching data for TSLA...
Data for TSLA inserted successfully.
Fetching data for LCID...
Data for LCID inserted successfully.
Fetching data for F...
Data for F inserted successfully.
Fetching data for STLA...
Data for STLA inserted successfully.
Fetching data for GM...
Data for GM inserted successfully.
Tables created successfully.
Fetching data for RIVN...
Data for RIVN inserted successfully.
Fetching data for TSLA...
Data for TSLA inserted successfully.
Fetching data for LCID...
Data for LCID inserted successfully.
Fetching data for F...
Data for F inserted successfully.
Fetching data for STLA...
Data for STLA inserted successfully.
Fetching data for GM...
Data for GM inserted successfully.
Tables created successfully.
Fetching data for RIVN...
Data for RIVN inserted successfully.
Fetching data for TSLA...
Data for TSLA inserted successfully.
Fetching data for LCID...
Data for LCID inserted successfully.
Fetching data for F...
Data for F inserted successfully.
Fetching data for STLA...
Data for STLA inserted successfully.
Fetching data for GM...
Data for GM inserted successfully.
Tables created successfully.
Fetching data for RIVN...
Data for RIVN inserted successfully.
Fetching data for TSLA...
Data for TSLA inserted successfully.
Fetching data for LCID...
Data for LCID inserted successfully.
Fetching data for F...
Data for F inserted successfully.
Fetching data for STLA...
Data for STLA inserted successfully.
Fetching data for GM...
Data for GM inserted successfully.
